[INFO] 05:00:06:353 Memoria/(2235:2235): Memoria listo para recibir a las consolas
[INFO] 05:00:13:280 Memoria/(2236:2236): Memoria listo para recibir a las consolas
[INFO] 05:53:02:475 Memoria/(3883:3883): Memoria listo para recibir a las consolas
[INFO] 06:00:28:085 Memoria/(3883:3883): Se conecto un cliente!
[INFO] 06:00:28:097 Memoria/(3883:3883): Me llego el mensaje Hola estoy probando cosas para despues
[ERROR] 06:00:28:115 Memoria/(3883:3883): el cliente se desconecto. Terminando servidor
[INFO] 06:01:01:130 Memoria/(4531:4531): Memoria listo para recibir a las consolas
[INFO] 06:01:03:014 Memoria/(4531:4531): Se conecto un cliente!
[INFO] 06:01:03:015 Memoria/(4531:4531): Me llego el mensaje Hola te saludo desde el cpu
[ERROR] 06:01:03:015 Memoria/(4531:4531): el cliente se desconecto. Terminando servidor
[INFO] 07:32:30:343 Memoria/(6696:6696): Memoria listo para recibir a las consolas
[INFO] 07:32:31:631 Memoria/(6696:6696): Se conecto un cliente!
[INFO] 07:32:31:631 Memoria/(6696:6696): Me llego el mensaje Hola te saludo desde el cpu
[ERROR] 07:32:48:602 Memoria/(6696:6696): el cliente se desconecto. Terminando servidor
[INFO] 07:38:21:678 Memoria/(6922:6922): Memoria listo para recibir a los modulos
[INFO] 07:38:24:069 Memoria/(6922:6922): Se conecto un cliente!
[INFO] 07:38:24:070 Memoria/(6922:6926): Me llego el mensaje Hola te saludo desde el cpu
[INFO] 07:38:28:042 Memoria/(6922:6922): Se conecto un cliente!
[INFO] 07:38:28:046 Memoria/(6922:6928): Me llego el mensaje Hola te estoy hablando desde el kernel
[ERROR] 07:38:40:489 Memoria/(6922:6928): el cliente se desconecto. Terminando servidor
[INFO] 07:46:35:243 Memoria/(7217:7217): Memoria listo para recibir a los modulos
[INFO] 07:46:47:176 Memoria/(7219:7219): Memoria listo para recibir a los modulos
[INFO] 07:46:49:525 Memoria/(7219:7219): Se conecto un cliente!
[INFO] 07:46:49:526 Memoria/(7219:7223): Me llego el mensaje Hola te saludo desde el cpu
[INFO] 07:56:07:015 Memoria/(7219:7219): Se conecto un cliente!
[INFO] 07:56:07:016 Memoria/(7219:7383): Me llego el mensaje Hola te saludo desde el Fyle System
[INFO] 07:56:15:231 Memoria/(7219:7219): Se conecto un cliente!
[INFO] 07:56:15:236 Memoria/(7219:7385): Me llego el mensaje Hola te estoy hablando desde el kernel
[ERROR] 07:56:45:597 Memoria/(7219:7383): el cliente se desconecto. Terminando servidor
[INFO] 13:19:09:604 Memoria/(1747:1747): Memoria listo para recibir a los modulos
[INFO] 13:19:13:091 Memoria/(1747:1747): Se conecto un cliente!
[INFO] 13:19:13:097 Memoria/(1747:1751): Me llego el mensaje Hola te saludo desde el Fyle System
[INFO] 13:19:58:343 Memoria/(1747:1747): Se conecto un cliente!
[INFO] 13:19:58:344 Memoria/(1747:1759): Me llego el mensaje Hola te saludo desde el cpu
[INFO] 13:23:05:189 Memoria/(1747:1747): Se conecto un cliente!
[INFO] 13:23:05:190 Memoria/(1747:1769): Me llego el mensaje Hola te estoy hablando desde el kernel
[ERROR] 13:24:22:221 Memoria/(1747:1769): el cliente se desconecto. Terminando servidor
[INFO] 13:24:33:905 Memoria/(1786:1786): Memoria listo para recibir a los modulos
[INFO] 13:29:33:989 Memoria/(1803:1803): Memoria listo para recibir a los modulos
[INFO] 13:29:37:281 Memoria/(1803:1803): Se conecto un cliente!
[INFO] 13:29:37:282 Memoria/(1803:1807): Me llego el mensaje Hola te saludo desde el Fyle System
[INFO] 13:29:40:489 Memoria/(1803:1803): Se conecto un cliente!
[INFO] 13:29:40:490 Memoria/(1803:1811): Me llego el mensaje Hola te saludo desde el cpu
[INFO] 13:29:43:476 Memoria/(1803:1803): Se conecto un cliente!
[INFO] 13:29:43:476 Memoria/(1803:1813): Me llego el mensaje Hola te estoy hablando desde el kernel
[ERROR] 13:29:52:836 Memoria/(1803:1813): el cliente se desconecto. Terminando servidor
[ERROR] 13:29:52:838 Memoria/(1803:1811): el cliente se desconecto. Terminando servidor
[INFO] 13:32:24:452 Memoria/(1821:1821): Memoria listo para recibir a los modulos
[INFO] 13:32:29:057 Memoria/(1821:1821): Se conecto un cliente!
[INFO] 13:32:29:058 Memoria/(1821:1825): Me llego el mensaje Hola te saludo desde el Fyle System
[INFO] 13:32:31:490 Memoria/(1821:1821): Se conecto un cliente!
[INFO] 13:32:31:490 Memoria/(1821:1829): Me llego el mensaje Hola te saludo desde el cpu
[INFO] 13:32:34:116 Memoria/(1821:1821): Se conecto un cliente!
[INFO] 13:32:34:118 Memoria/(1821:1831): Me llego el mensaje Hola te estoy hablando desde el kernel
[ERROR] 13:32:43:697 Memoria/(1821:1831): el cliente se desconecto. Terminando servidor
[ERROR] 13:32:43:698 Memoria/(1821:1829): el cliente se desconecto. Terminando servidor
[ERROR] 13:32:43:699 Memoria/(1821:1825): el cliente se desconecto. Terminando servidor
[INFO] 13:32:51:900 Memoria/(1836:1836): Memoria listo para recibir a los modulos
[INFO] 13:32:54:127 Memoria/(1836:1836): Se conecto un cliente!
[INFO] 13:32:54:128 Memoria/(1836:1840): Me llego el mensaje Hola te saludo desde el Fyle System
[INFO] 11:59:34:775 Memoria/(110817:110817): Memoria listo para recibir a los modulos
[INFO] 11:59:56:064 Memoria/(110817:110817): Se conecto un cliente!
[INFO] 11:59:56:064 Memoria/(110817:110834): Me llego el mensaje Hola te saludo desde el Fyle System
[INFO] 12:00:16:374 Memoria/(110817:110817): Se conecto un cliente!
[INFO] 12:00:16:375 Memoria/(110817:110840): Me llego el mensaje Hola te saludo desde el cpu
[INFO] 12:00:25:862 Memoria/(110817:110817): Se conecto un cliente!
[INFO] 12:00:25:864 Memoria/(110817:110844): Me llego el mensaje Hola te estoy hablando desde el kernel
[ERROR] 12:00:39:621 Memoria/(110817:110844): el cliente se desconecto. Terminando servidor
[ERROR] 12:00:39:622 Memoria/(110817:110840): el cliente se desconecto. Terminando servidor
[INFO] 12:55:50:211 Memoria/(113304:113304): Memoria listo para recibir a los modulos
[INFO] 12:55:52:625 Memoria/(113304:113304): Se conecto un cliente!
[INFO] 12:55:52:625 Memoria/(113304:113308): Me llego el mensaje Hola te saludo desde el Fyle System
[INFO] 12:55:55:156 Memoria/(113304:113304): Se conecto un cliente!
[INFO] 12:55:55:157 Memoria/(113304:113312): Me llego el mensaje Hola te saludo desde el cpu
[INFO] 12:55:57:268 Memoria/(113304:113304): Se conecto un cliente!
[INFO] 12:55:57:269 Memoria/(113304:113314): Me llego el mensaje Hola te estoy hablando desde el kernel
[ERROR] 12:56:27:737 Memoria/(113304:113308): el cliente se desconecto. Terminando servidor
[INFO] 13:54:03:757 Memoria/(114378:114378): Memoria listo para recibir a los modulos
[INFO] 13:54:05:538 Memoria/(114378:114378): Se conecto un cliente!
[INFO] 13:54:05:538 Memoria/(114378:114382): Me llego el mensaje Hola te saludo desde el Fyle System
[INFO] 13:54:08:050 Memoria/(114378:114378): Se conecto un cliente!
[INFO] 13:54:08:051 Memoria/(114378:114386): Me llego el mensaje Hola te saludo desde el cpu
[INFO] 13:54:11:134 Memoria/(114378:114378): Se conecto un cliente!
[INFO] 13:54:11:135 Memoria/(114378:114388): Me llego el mensaje Hola te estoy hablando desde el kernel
[ERROR] 13:54:23:580 Memoria/(114378:114382): el cliente se desconecto. Terminando servidor
[INFO] 13:55:44:899 Memoria/(114455:114455): Memoria listo para recibir a los modulos
[INFO] 13:55:47:397 Memoria/(114455:114455): Se conecto un cliente!
[INFO] 13:55:47:398 Memoria/(114455:114459): Me llego el mensaje Hola te saludo desde el Fyle System
[INFO] 13:55:49:500 Memoria/(114455:114455): Se conecto un cliente!
[INFO] 13:55:49:501 Memoria/(114455:114463): Me llego el mensaje Hola te saludo desde el cpu
[INFO] 13:55:51:532 Memoria/(114455:114455): Se conecto un cliente!
[INFO] 13:55:51:533 Memoria/(114455:114465): Me llego el mensaje Hola te estoy hablando desde el kernel
[ERROR] 13:55:53:717 Memoria/(114455:114459): el cliente se desconecto. Terminando servidor
[INFO] 13:57:09:274 Memoria/(114513:114513): Memoria listo para recibir a los modulos
[INFO] 13:57:11:253 Memoria/(114513:114513): Se conecto un cliente!
[INFO] 13:57:11:254 Memoria/(114513:114518): Me llego el mensaje Hola te saludo desde el Fyle System
[INFO] 13:57:13:139 Memoria/(114513:114513): Se conecto un cliente!
[INFO] 13:57:13:140 Memoria/(114513:114523): Me llego el mensaje Hola te saludo desde el cpu
[INFO] 13:57:14:925 Memoria/(114513:114513): Se conecto un cliente!
[INFO] 13:57:14:927 Memoria/(114513:114525): Me llego el mensaje Hola te estoy hablando desde el kernel
[ERROR] 13:57:17:020 Memoria/(114513:114518): el cliente se desconecto. Terminando servidor
[INFO] 13:59:31:612 Memoria/(114581:114581): Memoria listo para recibir a los modulos
[INFO] 13:59:33:162 Memoria/(114581:114581): Se conecto un cliente!
[INFO] 13:59:33:163 Memoria/(114581:114585): Me llego el mensaje Hola te saludo desde el Fyle System
[INFO] 13:59:35:222 Memoria/(114581:114581): Se conecto un cliente!
[INFO] 13:59:35:222 Memoria/(114581:114589): Me llego el mensaje Hola te saludo desde el cpu
[INFO] 13:59:39:419 Memoria/(114581:114581): Se conecto un cliente!
[INFO] 13:59:39:420 Memoria/(114581:114592): Me llego el mensaje Hola te estoy hablando desde el kernel
[ERROR] 13:59:41:609 Memoria/(114581:114585): el cliente se desconecto. Terminando servidor
[INFO] 14:06:06:711 Memoria/(114903:114903): Memoria listo para recibir a los modulos
[INFO] 14:06:09:964 Memoria/(114903:114903): Se conecto un cliente!
[INFO] 14:06:09:966 Memoria/(114903:114907): Me llego el mensaje Hola te saludo desde el Fyle System
[INFO] 14:06:12:956 Memoria/(114903:114903): Se conecto un cliente!
[INFO] 14:06:12:958 Memoria/(114903:114911): Me llego el mensaje Hola te saludo desde el cpu
[INFO] 14:06:15:038 Memoria/(114903:114903): Se conecto un cliente!
[INFO] 14:06:15:040 Memoria/(114903:114913): Me llego el mensaje Hola te estoy hablando desde el kernel
[ERROR] 14:06:17:175 Memoria/(114903:114907): el cliente se desconecto. Terminando servidor
[INFO] 14:07:28:976 Memoria/(114949:114949): Memoria listo para recibir a los modulos
[INFO] 14:07:30:937 Memoria/(114949:114949): Se conecto un cliente!
[INFO] 14:07:30:938 Memoria/(114949:114953): Me llego el mensaje Hola te saludo desde el Fyle System
[INFO] 14:07:33:428 Memoria/(114949:114949): Se conecto un cliente!
[INFO] 14:07:33:428 Memoria/(114949:114958): Me llego el mensaje Hola te saludo desde el cpu
[INFO] 14:07:35:313 Memoria/(114949:114949): Se conecto un cliente!
[INFO] 14:07:35:314 Memoria/(114949:114961): Me llego el mensaje Hola te estoy hablando desde el kernel
[ERROR] 14:07:37:044 Memoria/(114949:114953): el cliente se desconecto. Terminando servidor
[INFO] 14:09:47:421 Memoria/(115021:115021): Memoria listo para recibir a los modulos
[INFO] 14:09:49:658 Memoria/(115021:115021): Se conecto un cliente!
[INFO] 14:09:49:659 Memoria/(115021:115025): Me llego el mensaje Hola te saludo desde el Fyle System
[INFO] 14:09:51:675 Memoria/(115021:115021): Se conecto un cliente!
[INFO] 14:09:51:675 Memoria/(115021:115029): Me llego el mensaje Hola te saludo desde el cpu
[INFO] 14:09:53:477 Memoria/(115021:115021): Se conecto un cliente!
[INFO] 14:09:53:478 Memoria/(115021:115031): Me llego el mensaje Hola te estoy hablando desde el kernel
[ERROR] 14:09:55:356 Memoria/(115021:115025): el cliente se desconecto. Terminando servidor
[INFO] 14:10:36:554 Memoria/(115066:115066): Memoria listo para recibir a los modulos
