[INFO] 06:00:28:082 CPU/(4503:4503): KERNEL listo para recibir a las consolas
[INFO] 06:01:03:014 CPU/(4532:4532): KERNEL listo para recibir a las consolas
[INFO] 07:32:31:631 CPU/(6697:6698): CPU listo para recibir al kernel
[INFO] 07:32:39:353 CPU/(6697:6698): Se conecto un cliente!
[INFO] 07:32:39:357 CPU/(6697:6698): Me llego el mensaje Hola te estoy hablando desde el kernel
[ERROR] 07:32:48:601 CPU/(6697:6698): el cliente se desconecto. Terminando servidor
[INFO] 07:38:24:070 CPU/(6923:6924): CPU listo para recibir al kernel
[INFO] 07:38:28:041 CPU/(6923:6924): Se conecto un cliente!
[INFO] 07:38:28:045 CPU/(6923:6924): Me llego el mensaje Hola te estoy hablando desde el kernel
[ERROR] 07:38:40:490 CPU/(6923:6925): el cliente se desconecto. Terminando servidor
[INFO] 07:46:49:526 CPU/(7220:7221): CPU listo para recibir al kernel
[INFO] 07:56:15:230 CPU/(7220:7221): Se conecto un cliente!
[INFO] 07:56:15:235 CPU/(7220:7221): Me llego el mensaje Hola te estoy hablando desde el kernel
[ERROR] 07:56:45:597 CPU/(7220:7222): el cliente se desconecto. Terminando servidor
[INFO] 13:19:58:343 CPU/(1756:1757): CPU listo para recibir al kernel
[INFO] 13:23:05:189 CPU/(1756:1757): Se conecto un cliente!
[INFO] 13:23:05:190 CPU/(1756:1757): Me llego el mensaje Hola te estoy hablando desde el kernel
[ERROR] 13:24:22:221 CPU/(1756:1757): el cliente se desconecto. Terminando servidor
[ERROR] 13:24:22:222 CPU/(1756:1758): el cliente se desconecto. Terminando servidor
[INFO] 13:29:40:490 CPU/(1808:1809): CPU listo para recibir al kernel
[INFO] 13:29:43:475 CPU/(1808:1809): Se conecto un cliente!
[INFO] 13:29:43:476 CPU/(1808:1809): Me llego el mensaje Hola te estoy hablando desde el kernel
[ERROR] 13:29:52:836 CPU/(1808:1809): el cliente se desconecto. Terminando servidor
[INFO] 13:32:31:490 CPU/(1826:1827): CPU listo para recibir al kernel
[INFO] 13:32:34:116 CPU/(1826:1827): Se conecto un cliente!
[INFO] 13:32:34:117 CPU/(1826:1827): Me llego el mensaje Hola te estoy hablando desde el kernel
[ERROR] 13:32:43:697 CPU/(1826:1827): el cliente se desconecto. Terminando servidor
[INFO] 12:00:16:375 CPU/(110837:110838): CPU listo para recibir al kernel
[INFO] 12:00:25:862 CPU/(110837:110838): Se conecto un cliente!
[INFO] 12:00:25:863 CPU/(110837:110838): Me llego el mensaje Hola te estoy hablando desde el kernel
[ERROR] 12:00:39:621 CPU/(110837:110838): el cliente se desconecto. Terminando servidor
[INFO] 12:55:55:156 CPU/(113309:113310): CPU listo para recibir al kernel
[INFO] 12:55:57:268 CPU/(113309:113310): Se conecto un cliente!
[INFO] 12:55:57:269 CPU/(113309:113310): Me llego el mensaje Hola te estoy hablando desde el kernel
[ERROR] 12:56:27:738 CPU/(113309:113311): el cliente se desconecto. Terminando servidor
[INFO] 13:54:08:051 CPU/(114383:114384): CPU listo para recibir al kernel
[INFO] 13:54:11:127 CPU/(114383:114384): Se conecto un cliente!
[INFO] 13:54:11:135 CPU/(114383:114384): Me llego el mensaje Hola te estoy hablando desde el kernel
[ERROR] 13:54:23:580 CPU/(114383:114385): el cliente se desconecto. Terminando servidor
[INFO] 13:55:49:500 CPU/(114460:114461): CPU listo para recibir al kernel
[INFO] 13:55:51:532 CPU/(114460:114461): Se conecto un cliente!
[INFO] 13:55:51:533 CPU/(114460:114461): Me llego el mensaje Hola te estoy hablando desde el kernel
[ERROR] 13:55:53:717 CPU/(114460:114462): el cliente se desconecto. Terminando servidor
[INFO] 13:57:13:139 CPU/(114520:114521): CPU listo para recibir al kernel
[INFO] 13:57:14:925 CPU/(114520:114521): Se conecto un cliente!
[INFO] 13:57:14:926 CPU/(114520:114521): Me llego el mensaje Hola te estoy hablando desde el kernel
[ERROR] 13:57:17:020 CPU/(114520:114522): el cliente se desconecto. Terminando servidor
[INFO] 13:59:35:222 CPU/(114586:114587): CPU listo para recibir al kernel
[INFO] 13:59:39:419 CPU/(114586:114587): Se conecto un cliente!
[INFO] 13:59:39:420 CPU/(114586:114587): Me llego el mensaje Hola te estoy hablando desde el kernel
[ERROR] 13:59:41:609 CPU/(114586:114588): el cliente se desconecto. Terminando servidor
[INFO] 14:06:12:958 CPU/(114908:114909): CPU listo para recibir al kernel
[INFO] 14:06:15:038 CPU/(114908:114909): Se conecto un cliente!
[INFO] 14:06:15:039 CPU/(114908:114909): Me llego el mensaje Hola te estoy hablando desde el kernel
[ERROR] 14:06:17:176 CPU/(114908:114910): el cliente se desconecto. Terminando servidor
[INFO] 14:07:33:428 CPU/(114955:114956): CPU listo para recibir al kernel
[INFO] 14:07:35:313 CPU/(114955:114956): Se conecto un cliente!
[INFO] 14:07:35:314 CPU/(114955:114956): Me llego el mensaje Hola te estoy hablando desde el kernel
[ERROR] 14:07:37:045 CPU/(114955:114957): el cliente se desconecto. Terminando servidor
[INFO] 14:09:51:675 CPU/(115026:115027): CPU listo para recibir al kernel
[INFO] 14:09:53:477 CPU/(115026:115027): Se conecto un cliente!
[INFO] 14:09:53:478 CPU/(115026:115027): Me llego el mensaje Hola te estoy hablando desde el kernel
[ERROR] 14:09:55:357 CPU/(115026:115028): el cliente se desconecto. Terminando servidor
